<?xml version="1.0" encoding="UTF-8"?>
<testng-results skipped="0" failed="0" total="2" passed="2">
  <reporter-output>
  </reporter-output>
  <suite name="Suite" duration-ms="21540" started-at="2021-05-30T11:17:48Z" finished-at="2021-05-30T11:18:10Z">
    <groups>
    </groups>
    <test name="Test" duration-ms="21540" started-at="2021-05-30T11:17:48Z" finished-at="2021-05-30T11:18:10Z">
      <class name="testCases.TC_HomePage">
        <test-method status="PASS" signature="initdriver()[pri:0, instance:testCases.TC_HomePage@564fabc8]" name="initdriver" is-config="true" duration-ms="11577" started-at="2021-05-30T16:47:48Z" finished-at="2021-05-30T16:48:00Z">
          <reporter-output>
          </reporter-output>
        </test-method> <!-- initdriver -->
        <test-method status="PASS" signature="itemsrch()[pri:1, instance:testCases.TC_HomePage@564fabc8]" name="itemsrch" duration-ms="7914" started-at="2021-05-30T16:48:00Z" finished-at="2021-05-30T16:48:08Z">
          <reporter-output>
          </reporter-output>
        </test-method> <!-- itemsrch -->
        <test-method status="PASS" signature="teardown(org.testng.ITestResult)[pri:0, instance:testCases.TC_HomePage@564fabc8]" name="teardown" is-config="true" duration-ms="6" started-at="2021-05-30T16:48:08Z" finished-at="2021-05-30T16:48:08Z">
          <params>
            <param index="0">
              <value>
                <![CDATA[[TestResult name=itemsrch status=SUCCESS method=TC_HomePage.itemsrch()[pri:1, instance:testCases.TC_HomePage@564fabc8] output={null}]]]>
              </value>
            </param>
          </params>
          <reporter-output>
          </reporter-output>
        </test-method> <!-- teardown -->
        <test-method status="PASS" signature="mobilelst()[pri:2, instance:testCases.TC_HomePage@564fabc8]" name="mobilelst" duration-ms="42" started-at="2021-05-30T16:48:08Z" finished-at="2021-05-30T16:48:08Z">
          <reporter-output>
          </reporter-output>
        </test-method> <!-- mobilelst -->
        <test-method status="PASS" signature="teardown(org.testng.ITestResult)[pri:0, instance:testCases.TC_HomePage@564fabc8]" name="teardown" is-config="true" duration-ms="0" started-at="2021-05-30T16:48:09Z" finished-at="2021-05-30T16:48:09Z">
          <params>
            <param index="0">
              <value>
                <![CDATA[[TestResult name=mobilelst status=SUCCESS method=TC_HomePage.mobilelst()[pri:2, instance:testCases.TC_HomePage@564fabc8] output={null}]]]>
              </value>
            </param>
          </params>
          <reporter-output>
          </reporter-output>
        </test-method> <!-- teardown -->
        <test-method status="PASS" signature="closebrows()[pri:0, instance:testCases.TC_HomePage@564fabc8]" name="closebrows" is-config="true" duration-ms="1138" started-at="2021-05-30T16:48:09Z" finished-at="2021-05-30T16:48:10Z">
          <reporter-output>
          </reporter-output>
        </test-method> <!-- closebrows -->
      </class> <!-- testCases.TC_HomePage -->
    </test> <!-- Test -->
  </suite> <!-- Suite -->
</testng-results>
