<?xml version="1.0" encoding="UTF-8"?>
<testsuite xmlns:xsi="http://www.w3.org/2001/XMLSchema-instance" xsi:noNamespaceSchemaLocation="https://maven.apache.org/surefire/maven-surefire-plugin/xsd/surefire-test-report-3.0.xsd" version="3.0" name="TestSuite" time="25.564" tests="2" errors="0" skipped="0" failures="0">
  <properties>
[...]
</properties>
  <testcase name="itemsrch" classname="testCases.TC_HomePage" time="5.889">
    <system-out><![CDATA[Amazon.com : Redmi
]]></system-out>
    <system-err><![CDATA[Starting ChromeDriver 90.0.4430.24 (4c6d850f087da467d926e8eddb76550aed655991-refs/branch-heads/4430@{#429}) on port 3588
Only local connections are allowed.
Please see https://chromedriver.chromium.org/security-considerations for suggestions on keeping ChromeDriver safe.
ChromeDriver was started successfully.
Jun 04, 2021 6:26:22 AM org.openqa.selenium.remote.ProtocolHandshake createSession
INFO: Detected dialect: W3C
]]></system-err>
  </testcase>
  <testcase name="mobilelst" classname="testCases.TC_HomePage" time="1.599">
    <system-out><![CDATA[Xiaomi Redmi Note 10 | 128GB 4GB RAM | GSM LTE Factory Unlocked Smartphone | International Model (Onyx Gray)
********************************
&&&&&&&&&&&&&&&&&&&&&&&&&&&&&&&&
Xiaomi Redmi Note 10 | 64GB 4GB RAM | Factory Unlocked (GSM ONLY | Not Compatible with Verizon/Sprint) | International Model (Lake Green)
********************************
&&&&&&&&&&&&&&&&&&&&&&&&&&&&&&&&
Xiaomi Redmi 9 Unlocked RAM Dual Sim 32GB 3GB RAM 6.53" International Global Version (Carbon Grey)
********************************
&&&&&&&&&&&&&&&&&&&&&&&&&&&&&&&&
Xiaomi Redmi 9 EU 64Gb ROM 4Gb Ram Sunset Purple
********************************
&&&&&&&&&&&&&&&&&&&&&&&&&&&&&&&&
Xiaomi Redmi 9C Smartphone, 3 GB + 64 GB, 6.53 "HD + Dot Drop Display 5000mAh (typ), con Sblocco Faccial AI, 13 MP, Tripla Fotocamera, Blu (Twilight Blue)
********************************
&&&&&&&&&&&&&&&&&&&&&&&&&&&&&&&&
Xiaomi Redmi Note 10 | 128GB 4GB RAM | GSM LTE Factory Unlocked Smartphone | International Model (Pebble White)
********************************
&&&&&&&&&&&&&&&&&&&&&&&&&&&&&&&&
Xiaomi Redmi 9A - Smartphone 2 GB + 32 GB, Dual Sim, Blu (Sky Blue)
********************************
&&&&&&&&&&&&&&&&&&&&&&&&&&&&&&&&
Xiaomi Redmi Note 9 Pro 128GB + 6GB RAM, 6.67" FHD+ DotDisplay, 64MP AI Quad Camera, Qualcomm Snapdragon 720G LTE Factory Unlocked Smartphone - International Version (Tropical Green)
********************************
&&&&&&&&&&&&&&&&&&&&&&&&&&&&&&&&
Xiaomi Redmi 9 64GB, 4GB RAM, 6.53" Full HD + AI Quad Camera, LTE Factory Unlocked Smartphone - International Version (Carbon Grey)
********************************
&&&&&&&&&&&&&&&&&&&&&&&&&&&&&&&&
Xiaomi Redmi Note 9 4GB RAM + 128GB, 48MP Quad Camera Hotshot, 5020mah Battery, 6.53 ”FHD +, LTE Factory Unlocked Smartphone - International Version (Polar White)
********************************
&&&&&&&&&&&&&&&&&&&&&&&&&&&&&&&&
Xiaomi Redmi 9C Smartphone, 2 GB + 32 GB, 6.53" HD+ Dot Drop Display 5000mAh (typ), 13 MP, con AI Face Unlock, Tripla Fotocamera, Arancione (Sunrise Orange)
********************************
&&&&&&&&&&&&&&&&&&&&&&&&&&&&&&&&
Xiaomi Redmi Note 9 Pro Smartphone - 6.67" DotDisplay, 6 GB + 64 GB, 64 MP AI Quad Camera, 5020mAh (typ) NFC, Bianco (Polar White)
********************************
&&&&&&&&&&&&&&&&&&&&&&&&&&&&&&&&
Xiaomi REDMI Note 9 Dual 128GB Interstellar Grey (M2003J15SS)
********************************
&&&&&&&&&&&&&&&&&&&&&&&&&&&&&&&&
Xiaomi Redmi Note 9 Smartphone - 3 GB + 64 GB, 48 MP Quad Camera Hotshot, 6.53 ”FHD + DotDisplay, 5020 mAh, 3.5mm Cuffie Jack, NFC, Grigio (Midnight Grey)
********************************
&&&&&&&&&&&&&&&&&&&&&&&&&&&&&&&&
Xiaomi Redmi Note 9 DualSim 6.53" 48MP International Global Version (Polar White, 3GB/64GB)
********************************
&&&&&&&&&&&&&&&&&&&&&&&&&&&&&&&&
Xiaomi Redmi Note 9S 6.67" 48MP International Global Version (Glacier White, 6GB/128GB)
********************************
&&&&&&&&&&&&&&&&&&&&&&&&&&&&&&&&
]]></system-out>
  </testcase>
</testsuite>