<?xml version="1.0" encoding="UTF-8"?>
<testng-results skipped="0" failed="0" total="2" passed="2">
  <reporter-output>
  </reporter-output>
  <suite name="Suite" duration-ms="26594" started-at="2021-06-03T13:10:18Z" finished-at="2021-06-03T13:10:45Z">
    <groups>
    </groups>
    <test name="Test" duration-ms="26594" started-at="2021-06-03T13:10:18Z" finished-at="2021-06-03T13:10:45Z">
      <class name="testCases.TC_HomePage">
        <test-method status="PASS" signature="initdriver()[pri:0, instance:testCases.TC_HomePage@30c15d8b]" name="initdriver" is-config="true" duration-ms="15638" started-at="2021-06-03T18:40:18Z" finished-at="2021-06-03T18:40:34Z">
          <reporter-output>
          </reporter-output>
        </test-method> <!-- initdriver -->
        <test-method status="PASS" signature="itemsrch()[pri:1, instance:testCases.TC_HomePage@30c15d8b]" name="itemsrch" duration-ms="6231" started-at="2021-06-03T18:40:34Z" finished-at="2021-06-03T18:40:40Z">
          <reporter-output>
          </reporter-output>
        </test-method> <!-- itemsrch -->
        <test-method status="PASS" signature="teardown(org.testng.ITestResult)[pri:0, instance:testCases.TC_HomePage@30c15d8b]" name="teardown" is-config="true" duration-ms="41" started-at="2021-06-03T18:40:41Z" finished-at="2021-06-03T18:40:41Z">
          <params>
            <param index="0">
              <value>
                <![CDATA[[TestResult name=itemsrch status=SUCCESS method=TC_HomePage.itemsrch()[pri:1, instance:testCases.TC_HomePage@30c15d8b] output={null}]]]>
              </value>
            </param>
          </params>
          <reporter-output>
          </reporter-output>
        </test-method> <!-- teardown -->
        <test-method status="PASS" signature="mobilelst()[pri:2, instance:testCases.TC_HomePage@30c15d8b]" name="mobilelst" duration-ms="2206" started-at="2021-06-03T18:40:41Z" finished-at="2021-06-03T18:40:43Z">
          <reporter-output>
          </reporter-output>
        </test-method> <!-- mobilelst -->
        <test-method status="PASS" signature="teardown(org.testng.ITestResult)[pri:0, instance:testCases.TC_HomePage@30c15d8b]" name="teardown" is-config="true" duration-ms="0" started-at="2021-06-03T18:40:43Z" finished-at="2021-06-03T18:40:43Z">
          <params>
            <param index="0">
              <value>
                <![CDATA[[TestResult name=mobilelst status=SUCCESS method=TC_HomePage.mobilelst()[pri:2, instance:testCases.TC_HomePage@30c15d8b] output={null}]]]>
              </value>
            </param>
          </params>
          <reporter-output>
          </reporter-output>
        </test-method> <!-- teardown -->
        <test-method status="PASS" signature="closebrows()[pri:0, instance:testCases.TC_HomePage@30c15d8b]" name="closebrows" is-config="true" duration-ms="1329" started-at="2021-06-03T18:40:43Z" finished-at="2021-06-03T18:40:45Z">
          <reporter-output>
          </reporter-output>
        </test-method> <!-- closebrows -->
      </class> <!-- testCases.TC_HomePage -->
    </test> <!-- Test -->
  </suite> <!-- Suite -->
</testng-results>
