<?xml version="1.0" encoding="UTF-8"?>
<testng-results total="2" passed="2" failed="0" skipped="0">
  <reporter-output>
  </reporter-output>
  <suite started-at="2021-06-03T14:13:43Z" name="Suite" finished-at="2021-06-03T14:14:02Z" duration-ms="18867">
    <groups>
    </groups>
    <test started-at="2021-06-03T14:13:43Z" name="Test" finished-at="2021-06-03T14:14:02Z" duration-ms="18867">
      <class name="testCases.TC_HomePage">
        <test-method is-config="true" signature="initdriver()[pri:0, instance:testCases.TC_HomePage@4b6690c0]" started-at="2021-06-03T19:43:43Z" name="initdriver" finished-at="2021-06-03T19:43:54Z" duration-ms="10200" status="PASS">
          <reporter-output>
          </reporter-output>
        </test-method> <!-- initdriver -->
        <test-method signature="itemsrch()[pri:1, instance:testCases.TC_HomePage@4b6690c0]" started-at="2021-06-03T19:43:54Z" name="itemsrch" finished-at="2021-06-03T19:43:59Z" duration-ms="5753" status="PASS">
          <reporter-output>
          </reporter-output>
        </test-method> <!-- itemsrch -->
        <test-method is-config="true" signature="teardown(org.testng.ITestResult)[pri:0, instance:testCases.TC_HomePage@4b6690c0]" started-at="2021-06-03T19:44:00Z" name="teardown" finished-at="2021-06-03T19:44:00Z" duration-ms="5" status="PASS">
          <params>
            <param index="0">
              <value>
                <![CDATA[[TestResult name=itemsrch status=SUCCESS method=TC_HomePage.itemsrch()[pri:1, instance:testCases.TC_HomePage@4b6690c0] output={null}]]]>
              </value>
            </param>
          </params>
          <reporter-output>
          </reporter-output>
        </test-method> <!-- teardown -->
        <test-method signature="mobilelst()[pri:2, instance:testCases.TC_HomePage@4b6690c0]" started-at="2021-06-03T19:44:00Z" name="mobilelst" finished-at="2021-06-03T19:44:01Z" duration-ms="1189" status="PASS">
          <reporter-output>
          </reporter-output>
        </test-method> <!-- mobilelst -->
        <test-method is-config="true" signature="teardown(org.testng.ITestResult)[pri:0, instance:testCases.TC_HomePage@4b6690c0]" started-at="2021-06-03T19:44:01Z" name="teardown" finished-at="2021-06-03T19:44:01Z" duration-ms="0" status="PASS">
          <params>
            <param index="0">
              <value>
                <![CDATA[[TestResult name=mobilelst status=SUCCESS method=TC_HomePage.mobilelst()[pri:2, instance:testCases.TC_HomePage@4b6690c0] output={null}]]]>
              </value>
            </param>
          </params>
          <reporter-output>
          </reporter-output>
        </test-method> <!-- teardown -->
        <test-method is-config="true" signature="closebrows()[pri:0, instance:testCases.TC_HomePage@4b6690c0]" started-at="2021-06-03T19:44:01Z" name="closebrows" finished-at="2021-06-03T19:44:02Z" duration-ms="992" status="PASS">
          <reporter-output>
          </reporter-output>
        </test-method> <!-- closebrows -->
      </class> <!-- testCases.TC_HomePage -->
    </test> <!-- Test -->
  </suite> <!-- Suite -->
</testng-results>
